This is XeTeX, Version 3.141592653-2.6-0.999995 (TeX Live 2023) (preloaded format=xelatex 2024.2.21)  23 APR 2024 11:56
entering extended mode
 restricted \write18 enabled.
 file:line:error style messages enabled.
 %&-line parsing enabled.
**c:/Users/user/Documents/GitHub/econ899/paper/sections/4_results
(c:/Users/user/Documents/GitHub/econ899/paper/sections/4_results.tex
LaTeX2e <2023-11-01> patch level 1
L3 programming layer <2024-02-18>
(c:/texlive/2023/texmf-dist/tex/latex/subfiles/subfiles.cls
Document Class: subfiles 2020/11/14 v2.2 Multi-file projects (class)
Preamble taken from file `../main.tex'
(c:/texlive/2023/texmf-dist/tex/latex/import/import.sty
Package: import 2020/04/01  v 6.2
) (../main.tex (c:/texlive/2023/texmf-dist/tex/latex/base/article.cls
Document Class: article 2023/05/17 v1.4n Standard LaTeX document class
(c:/texlive/2023/texmf-dist/tex/latex/base/size12.clo
File: size12.clo 2023/05/17 v1.4n Standard LaTeX file (size option)
)
\c@part=\count184
\c@section=\count185
\c@subsection=\count186
\c@subsubsection=\count187
\c@paragraph=\count188
\c@subparagraph=\count189
\c@figure=\count190
\c@table=\count191
\abovecaptionskip=\skip48
\belowcaptionskip=\skip49
\bibindent=\dimen140
) (c:/texlive/2023/texmf-dist/tex/latex/csquotes/csquotes.sty
Package: csquotes 2022-09-14 v5.2n context-sensitive quotations (JAW)
 (c:/texlive/2023/texmf-dist/tex/latex/etoolbox/etoolbox.sty
Package: etoolbox 2020/10/05 v2.5k e-TeX tools for LaTeX (JAW)
\etb@tempcnta=\count192
) (c:/texlive/2023/texmf-dist/tex/latex/graphics/keyval.sty
Package: keyval 2022/05/29 v1.15 key=value parser (DPC)
\KV@toks@=\toks17
)
\csq@reset=\count193
\csq@gtype=\count194
\csq@glevel=\count195
\csq@qlevel=\count196
\csq@maxlvl=\count197
\csq@tshold=\count198
\csq@ltx@everypar=\toks18
 (c:/texlive/2023/texmf-dist/tex/latex/csquotes/csquotes.def
File: csquotes.def 2022-09-14 v5.2n csquotes generic definitions (JAW)
)
Package csquotes Info: Trying to load configuration file 'csquotes.cfg'...
Package csquotes Info: ... configuration file loaded successfully.
 (c:/texlive/2023/texmf-dist/tex/latex/csquotes/csquotes.cfg
File: csquotes.cfg 
)) (c:/texlive/2023/texmf-dist/tex/generic/babel/babel.sty
Package: babel 2024/02/07 v24.2 The Babel package
\babel@savecnt=\count199
\U@D=\dimen141
\l@unhyphenated=\language87
 (c:/texlive/2023/texmf-dist/tex/generic/babel/xebabel.def)
\bbl@readstream=\read2
\bbl@dirlevel=\count266
 (c:/texlive/2023/texmf-dist/tex/generic/babel-english/canadian.ldf
Language: canadian 2017/06/06 v3.3r English support from the babel system
 (c:/texlive/2023/texmf-dist/tex/generic/babel-english/english.ldf
Language: english 2017/06/06 v3.3r English support from the babel system
Package babel Info: Hyphen rules for 'canadian' set to \l@english
(babel)             (\language0). Reported on input line 102.
Package babel Info: Hyphen rules for 'australian' set to \l@ukenglish
(babel)             (\language21). Reported on input line 105.
Package babel Info: Hyphen rules for 'newzealand' set to \l@ukenglish
(babel)             (\language21). Reported on input line 108.
))) (c:/texlive/2023/texmf-dist/tex/generic/babel/locale/en/babel-canadian.tex
Package babel Info: Importing font and identification data for canadian
(babel)             from babel-en-CA.ini. Reported on input line 11.
) (c:/texlive/2023/texmf-dist/tex/latex/preprint/authblk.sty
Package: authblk 2001/02/27 1.3 (PWD)
\affilsep=\skip50
\@affilsep=\skip51
\c@Maxaffil=\count267
\c@authors=\count268
\c@affil=\count269
) (c:/texlive/2023/texmf-dist/tex/latex/setspace/setspace.sty
Package: setspace 2022/12/04 v6.7b set line spacing
) (c:/texlive/2023/texmf-dist/tex/latex/geometry/geometry.sty
Package: geometry 2020/01/02 v5.9 Page Geometry
 (c:/texlive/2023/texmf-dist/tex/generic/iftex/ifvtex.sty
Package: ifvtex 2019/10/25 v1.7 ifvtex legacy package. Use iftex instead.
 (c:/texlive/2023/texmf-dist/tex/generic/iftex/iftex.sty
Package: iftex 2022/02/03 v1.0f TeX engine tests
))
\Gm@cnth=\count270
\Gm@cntv=\count271
\c@Gm@tempcnt=\count272
\Gm@bindingoffset=\dimen142
\Gm@wd@mp=\dimen143
\Gm@odd@mp=\dimen144
\Gm@even@mp=\dimen145
\Gm@layoutwidth=\dimen146
\Gm@layoutheight=\dimen147
\Gm@layouthoffset=\dimen148
\Gm@layoutvoffset=\dimen149
\Gm@dimlist=\toks19
) (c:/texlive/2023/texmf-dist/tex/latex/libertinus/libertinus.sty
Package: libertinus 2020/05/06 v. 0.02 (Herbert Voss) Supports libertinus fonts for pdflatex/lualatex/xelatex
 (c:/texlive/2023/texmf-dist/tex/latex/xkeyval/xkeyval.sty
Package: xkeyval 2022/06/16 v2.9 package option processing (HA)
 (c:/texlive/2023/texmf-dist/tex/generic/xkeyval/xkeyval.tex (c:/texlive/2023/texmf-dist/tex/generic/xkeyval/xkvutils.tex
\XKV@toks=\toks20
\XKV@tempa@toks=\toks21
)
\XKV@depth=\count273
File: xkeyval.tex 2014/12/03 v2.7a key=value parser (HA)
)) (c:/texlive/2023/texmf-dist/tex/latex/libertinus-otf/libertinus-otf.sty
Package: libertinus-otf 2023/09/21 v. 0.32 (Herbert Voss) Supports libertinus fonts for lualatex and xelatex.
 (c:/texlive/2023/texmf-dist/tex/generic/iftex/ifxetex.sty
Package: ifxetex 2019/10/25 v0.7 ifxetex legacy package. Use iftex instead.
) (c:/texlive/2023/texmf-dist/tex/generic/iftex/ifluatex.sty
Package: ifluatex 2019/10/25 v1.5 ifluatex legacy package. Use iftex instead.
) (c:/texlive/2023/texmf-dist/tex/latex/base/textcomp.sty
Package: textcomp 2020/02/02 v2.0n Standard LaTeX package
) (c:/texlive/2023/texmf-dist/tex/latex/unicode-math/unicode-math.sty (c:/texlive/2023/texmf-dist/tex/latex/l3kernel/expl3.sty
Package: expl3 2024-02-18 L3 programming layer (loader) 
 (c:/texlive/2023/texmf-dist/tex/latex/l3backend/l3backend-xetex.def
File: l3backend-xetex.def 2024-01-04 L3 backend support: XeTeX
\g__graphics_track_int=\count274
\l__pdf_internal_box=\box51
\g__pdf_backend_object_int=\count275
\g__pdf_backend_annotation_int=\count276
\g__pdf_backend_link_int=\count277
))
Package: unicode-math 2023/08/13 v0.8r Unicode maths in XeLaTeX and LuaLaTeX
 (c:/texlive/2023/texmf-dist/tex/latex/unicode-math/unicode-math-xetex.sty
Package: unicode-math-xetex 2023/08/13 v0.8r Unicode maths in XeLaTeX and LuaLaTeX
 (c:/texlive/2023/texmf-dist/tex/latex/l3packages/xparse/xparse.sty
Package: xparse 2024-02-18 L3 Experimental document command parser
) (c:/texlive/2023/texmf-dist/tex/latex/l3packages/l3keys2e/l3keys2e.sty
Package: l3keys2e 2024-02-18 LaTeX2e option processing using LaTeX3 keys
) (c:/texlive/2023/texmf-dist/tex/latex/fontspec/fontspec.sty
Package: fontspec 2024/02/13 v2.9a Font selection for XeLaTeX and LuaLaTeX
 (c:/texlive/2023/texmf-dist/tex/latex/fontspec/fontspec-xetex.sty
Package: fontspec-xetex 2024/02/13 v2.9a Font selection for XeLaTeX and LuaLaTeX
\l__fontspec_script_int=\count278
\l__fontspec_language_int=\count279
\l__fontspec_strnum_int=\count280
\l__fontspec_tmp_int=\count281
\l__fontspec_tmpa_int=\count282
\l__fontspec_tmpb_int=\count283
\l__fontspec_tmpc_int=\count284
\l__fontspec_em_int=\count285
\l__fontspec_emdef_int=\count286
\l__fontspec_strong_int=\count287
\l__fontspec_strongdef_int=\count288
\l__fontspec_tmpa_dim=\dimen150
\l__fontspec_tmpb_dim=\dimen151
\l__fontspec_tmpc_dim=\dimen152
 (c:/texlive/2023/texmf-dist/tex/latex/base/fontenc.sty
Package: fontenc 2021/04/29 v2.0v Standard LaTeX package
) (c:/texlive/2023/texmf-dist/tex/latex/fontspec/fontspec.cfg))) (c:/texlive/2023/texmf-dist/tex/latex/base/fix-cm.sty
Package: fix-cm 2020/11/24 v1.1t fixes to LaTeX
 (c:/texlive/2023/texmf-dist/tex/latex/base/ts1enc.def
File: ts1enc.def 2001/06/05 v3.0e (jk/car/fm) Standard LaTeX file
LaTeX Font Info:    Redeclaring font encoding TS1 on input line 47.
)) (c:/texlive/2023/texmf-dist/tex/latex/amsmath/amsmath.sty
Package: amsmath 2023/05/13 v2.17o AMS math features
\@mathmargin=\skip52

For additional information on amsmath, use the `?' option.
(c:/texlive/2023/texmf-dist/tex/latex/amsmath/amstext.sty
Package: amstext 2021/08/26 v2.01 AMS text
 (c:/texlive/2023/texmf-dist/tex/latex/amsmath/amsgen.sty
File: amsgen.sty 1999/11/30 v2.0 generic functions
\@emptytoks=\toks22
\ex@=\dimen153
)) (c:/texlive/2023/texmf-dist/tex/latex/amsmath/amsbsy.sty
Package: amsbsy 1999/11/29 v1.2d Bold Symbols
\pmbraise@=\dimen154
) (c:/texlive/2023/texmf-dist/tex/latex/amsmath/amsopn.sty
Package: amsopn 2022/04/08 v2.04 operator names
)
\inf@bad=\count289
LaTeX Info: Redefining \frac on input line 234.
\uproot@=\count290
\leftroot@=\count291
LaTeX Info: Redefining \overline on input line 399.
LaTeX Info: Redefining \colon on input line 410.
\classnum@=\count292
\DOTSCASE@=\count293
LaTeX Info: Redefining \ldots on input line 496.
LaTeX Info: Redefining \dots on input line 499.
LaTeX Info: Redefining \cdots on input line 620.
\Mathstrutbox@=\box52
\strutbox@=\box53
LaTeX Info: Redefining \big on input line 722.
LaTeX Info: Redefining \Big on input line 723.
LaTeX Info: Redefining \bigg on input line 724.
LaTeX Info: Redefining \Bigg on input line 725.
\big@size=\dimen155
LaTeX Font Info:    Redeclaring font encoding OML on input line 743.
LaTeX Font Info:    Redeclaring font encoding OMS on input line 744.
\macc@depth=\count294
LaTeX Info: Redefining \bmod on input line 905.
LaTeX Info: Redefining \pmod on input line 910.
LaTeX Info: Redefining \smash on input line 940.
LaTeX Info: Redefining \relbar on input line 970.
LaTeX Info: Redefining \Relbar on input line 971.
\c@MaxMatrixCols=\count295
\dotsspace@=\muskip16
\c@parentequation=\count296
\dspbrk@lvl=\count297
\tag@help=\toks23
\row@=\count298
\column@=\count299
\maxfields@=\count300
\andhelp@=\toks24
\eqnshift@=\dimen156
\alignsep@=\dimen157
\tagshift@=\dimen158
\tagwidth@=\dimen159
\totwidth@=\dimen160
\lineht@=\dimen161
\@envbody=\toks25
\multlinegap=\skip53
\multlinetaggap=\skip54
\mathdisplay@stack=\toks26
LaTeX Info: Redefining \[ on input line 2953.
LaTeX Info: Redefining \] on input line 2954.
)
\g__um_fam_int=\count301
\g__um_fonts_used_int=\count302
\l__um_primecount_int=\count303
\g__um_primekern_muskip=\muskip17
 (c:/texlive/2023/texmf-dist/tex/latex/unicode-math/unicode-math-table.tex)))
Requested font "[LibertinusSerif-Regular.otf]/OT" at 11.99997pt
 -> c:/texlive/2023/texmf-dist/fonts/opentype/public/libertinus-fonts/LibertinusSerif-Regular.otf
Requested font "[LibertinusSerif-Regular.otf]/OT" at 12.00003pt
 -> c:/texlive/2023/texmf-dist/fonts/opentype/public/libertinus-fonts/LibertinusSerif-Regular.otf
Requested font "[LibertinusSerif-Regular.otf]/OT:script=latn;language=dflt;" at 12.00003pt
 -> c:/texlive/2023/texmf-dist/fonts/opentype/public/libertinus-fonts/LibertinusSerif-Regular.otf
Requested font "[LibertinusSerif-Bold.otf]/OT:script=latn;language=dflt;" at 12.00003pt
 -> c:/texlive/2023/texmf-dist/fonts/opentype/public/libertinus-fonts/LibertinusSerif-Bold.otf
Requested font "[LibertinusSerif-Italic.otf]/OT:script=latn;language=dflt;" at 12.00003pt
 -> c:/texlive/2023/texmf-dist/fonts/opentype/public/libertinus-fonts/LibertinusSerif-Italic.otf
Requested font "[LibertinusSerif-BoldItalic.otf]/OT:script=latn;language=dflt;" at 12.00003pt
 -> c:/texlive/2023/texmf-dist/fonts/opentype/public/libertinus-fonts/LibertinusSerif-BoldItalic.otf
LaTeX Font Info:    Overwriting math alphabet `\mathrm' in version `normal'
(Font)                  OT1/cmr/m/n --> TU/LibertinusSerif(1)/m/n on input line 232.
LaTeX Font Info:    Overwriting math alphabet `\mathit' in version `normal'
(Font)                  OT1/cmr/m/it --> TU/LibertinusSerif(1)/m/it on input line 232.
LaTeX Font Info:    Overwriting math alphabet `\mathbf' in version `normal'
(Font)                  OT1/cmr/bx/n --> TU/LibertinusSerif(1)/b/n on input line 232.
LaTeX Font Info:    Font shape `TU/LibertinusSerif(0)/m/n' will be
(Font)              scaled to size 12.0pt on input line 232.
Requested font "[LibertinusSerif-Regular.otf]/OT:script=latn;language=dflt;+hv-kern;+tnum;+lnum;mapping=tex-text;" at 12.0pt
 -> c:/texlive/2023/texmf-dist/fonts/opentype/public/libertinus-fonts/LibertinusSerif-Regular.otf
Requested font "[LibertinusSerif-Semibold.otf]/OT:script=latn;language=dflt;" at 12.00003pt
 -> c:/texlive/2023/texmf-dist/fonts/opentype/public/libertinus-fonts/LibertinusSerif-Semibold.otf
Requested font "[LibertinusSerif-SemiboldItalic.otf]/OT:script=latn;language=dflt;" at 12.00003pt
 -> c:/texlive/2023/texmf-dist/fonts/opentype/public/libertinus-fonts/LibertinusSerif-SemiboldItalic.otf
Requested font "[LibertinusSans-Regular.otf]/OT" at 11.99997pt
 -> c:/texlive/2023/texmf-dist/fonts/opentype/public/libertinus-fonts/LibertinusSans-Regular.otf
Requested font "[LibertinusSans-Regular.otf]/OT" at 12.00003pt
 -> c:/texlive/2023/texmf-dist/fonts/opentype/public/libertinus-fonts/LibertinusSans-Regular.otf
Requested font "[LibertinusSans-Regular.otf]/OT:script=latn;language=dflt;" at 12.00003pt
 -> c:/texlive/2023/texmf-dist/fonts/opentype/public/libertinus-fonts/LibertinusSans-Regular.otf
Requested font "[LibertinusSans-Bold.otf]/OT:script=latn;language=dflt;" at 12.00003pt
 -> c:/texlive/2023/texmf-dist/fonts/opentype/public/libertinus-fonts/LibertinusSans-Bold.otf
Requested font "[LibertinusSans-Italic.otf]/OT:script=latn;language=dflt;" at 12.00003pt
 -> c:/texlive/2023/texmf-dist/fonts/opentype/public/libertinus-fonts/LibertinusSans-Italic.otf
LaTeX Font Info:    Overwriting math alphabet `\mathsf' in version `normal'
(Font)                  OT1/cmss/m/n --> TU/LibertinusSans(1)/m/n on input line 312.
LaTeX Font Info:    Overwriting math alphabet `\mathsf' in version `bold'
(Font)                  OT1/cmss/bx/n --> TU/LibertinusSans(1)/b/n on input line 312.
Requested font "[LibertinusMono-Regular.otf]/OT" at 11.99997pt
 -> c:/texlive/2023/texmf-dist/fonts/opentype/public/libertinus-fonts/LibertinusMono-Regular.otf
Requested font "[LibertinusMono-Regular.otf]/OT" at 12.00003pt
 -> c:/texlive/2023/texmf-dist/fonts/opentype/public/libertinus-fonts/LibertinusMono-Regular.otf
Requested font "[LibertinusMono-Regular.otf]/OT:script=latn;language=dflt;" at 12.00003pt
 -> c:/texlive/2023/texmf-dist/fonts/opentype/public/libertinus-fonts/LibertinusMono-Regular.otf
LaTeX Font Info:    Overwriting math alphabet `\mathtt' in version `normal'
(Font)                  OT1/cmtt/m/n --> TU/LibertinusMono(1)/m/n on input line 369.
LaTeX Font Info:    Overwriting math alphabet `\mathtt' in version `bold'
(Font)                  OT1/cmtt/m/n --> TU/LibertinusMono(1)/b/n on input line 369.

*************************************
* Using libertinus math *
*************************************
Requested font "[LibertinusMath-Regular.otf]/OT" at 11.99997pt
 -> c:/texlive/2023/texmf-dist/fonts/opentype/public/libertinus-fonts/LibertinusMath-Regular.otf
Requested font "[LibertinusMath-Regular.otf]/OT" at 12.00003pt
 -> c:/texlive/2023/texmf-dist/fonts/opentype/public/libertinus-fonts/LibertinusMath-Regular.otf
Requested font "[LibertinusMath-Regular.otf]/OT:script=math;language=dflt;" at 12.00003pt
 -> c:/texlive/2023/texmf-dist/fonts/opentype/public/libertinus-fonts/LibertinusMath-Regular.otf
Requested font "[LibertinusMath-Regular.otf]/OT:script=math;language=dflt;" at 12.0pt
 -> c:/texlive/2023/texmf-dist/fonts/opentype/public/libertinus-fonts/LibertinusMath-Regular.otf
LaTeX Font Info:    Encoding `OT1' has changed to `TU' for symbol font
(Font)              `operators' in the math version `normal' on input line 377.
LaTeX Font Info:    Overwriting symbol font `operators' in version `normal'
(Font)                  OT1/cmr/m/n --> TU/LibertinusMath-Regular.otf(1)/m/n on input line 377.
LaTeX Font Info:    Encoding `OT1' has changed to `TU' for symbol font
(Font)              `operators' in the math version `bold' on input line 377.
LaTeX Font Info:    Overwriting symbol font `operators' in version `bold'
(Font)                  OT1/cmr/bx/n --> TU/LibertinusMath-Regular.otf(1)/b/n on input line 377.
LaTeX Font Info:    Encoding `OMS' has changed to `TU' for symbol font
(Font)              `symbols' in the math version `normal' on input line 377.
LaTeX Font Info:    Overwriting symbol font `symbols' in version `normal'
(Font)                  OMS/cmsy/m/n --> TU/LibertinusMath-Regular.otf(2)/m/n on input line 377.
LaTeX Font Info:    Encoding `OMS' has changed to `TU' for symbol font
(Font)              `symbols' in the math version `bold' on input line 377.
LaTeX Font Info:    Overwriting symbol font `symbols' in version `bold'
(Font)                  OMS/cmsy/b/n --> TU/LibertinusMath-Regular.otf(2)/b/n on input line 377.
LaTeX Font Info:    Encoding `OMX' has changed to `TU' for symbol font
(Font)              `largesymbols' in the math version `normal' on input line 377.
LaTeX Font Info:    Overwriting symbol font `largesymbols' in version `normal'
(Font)                  OMX/cmex/m/n --> TU/LibertinusMath-Regular.otf(3)/m/n on input line 377.
LaTeX Font Info:    Encoding `OMX' has changed to `TU' for symbol font
(Font)              `largesymbols' in the math version `bold' on input line 377.
LaTeX Font Info:    Overwriting symbol font `largesymbols' in version `bold'
(Font)                  OMX/cmex/m/n --> TU/LibertinusMath-Regular.otf(3)/b/n on input line 377.
LaTeX Font Info:    Redeclaring math version `bold' on input line 379.
Requested font "[LibertinusMath-Regular.otf]/OT:script=math;language=dflt;embolden=3;" at 12.0pt
 -> c:/texlive/2023/texmf-dist/fonts/opentype/public/libertinus-fonts/LibertinusMath-Regular.otf
LaTeX Font Info:    Encoding `OT1' has changed to `TU' for symbol font
(Font)              `operators' in the math version `bold' on input line 379.
LaTeX Font Info:    Overwriting symbol font `operators' in version `bold'
(Font)                  OT1/cmr/m/n --> TU/LibertinusMath-Regular.otf(5)/m/n on input line 379.
LaTeX Font Info:    Encoding `OMS' has changed to `TU' for symbol font
(Font)              `symbols' in the math version `bold' on input line 379.
LaTeX Font Info:    Overwriting symbol font `symbols' in version `bold'
(Font)                  OMS/cmsy/m/n --> TU/LibertinusMath-Regular.otf(6)/m/n on input line 379.
LaTeX Font Info:    Encoding `OMX' has changed to `TU' for symbol font
(Font)              `largesymbols' in the math version `bold' on input line 379.
LaTeX Font Info:    Overwriting symbol font `largesymbols' in version `bold'
(Font)                  OMX/cmex/m/n --> TU/LibertinusMath-Regular.otf(7)/m/n on input line 379.
Requested font "[LinBiolinum_K.otf]" scaled 1000
 -> c:/texlive/2023/texmf-dist/fonts/opentype/public/libertine/LinBiolinum_K.otf
Requested font "[LibertinusKeyboard-Regular.otf]" scaled 1000
 -> c:/texlive/2023/texmf-dist/fonts/opentype/public/libertinus-fonts/LibertinusKeyboard-Regular.otf
Requested font "[LibertinusSerifDisplay-Regular.otf]/OT" at 11.99997pt
 -> c:/texlive/2023/texmf-dist/fonts/opentype/public/libertinus-fonts/LibertinusSerifDisplay-Regular.otf
Requested font "[LibertinusSerifDisplay-Regular.otf]/OT" at 12.00003pt
 -> c:/texlive/2023/texmf-dist/fonts/opentype/public/libertinus-fonts/LibertinusSerifDisplay-Regular.otf
Requested font "[LibertinusSerifDisplay-Regular.otf]/OT:script=latn;language=dflt;" at 12.00003pt
 -> c:/texlive/2023/texmf-dist/fonts/opentype/public/libertinus-fonts/LibertinusSerifDisplay-Regular.otf
Requested font "[LibertinusSerifInitials-Regular.otf]/OT" at 11.99997pt
 -> c:/texlive/2023/texmf-dist/fonts/opentype/public/libertinus-fonts/LibertinusSerifInitials-Regular.otf
Requested font "[LibertinusSerifInitials-Regular.otf]/OT" at 12.00003pt
 -> c:/texlive/2023/texmf-dist/fonts/opentype/public/libertinus-fonts/LibertinusSerifInitials-Regular.otf
Requested font "[LibertinusSerifInitials-Regular.otf]/OT:language=dflt;" at 12.00003pt
 -> c:/texlive/2023/texmf-dist/fonts/opentype/public/libertinus-fonts/LibertinusSerifInitials-Regular.otf
)) (c:/texlive/2023/texmf-dist/tex/latex/graphics/lscape.sty
Package: lscape 2020/05/28 v3.02 Landscape Pages (DPC)
 (c:/texlive/2023/texmf-dist/tex/latex/graphics/graphics.sty
Package: graphics 2022/03/10 v1.4e Standard LaTeX Graphics (DPC,SPQR)
 (c:/texlive/2023/texmf-dist/tex/latex/graphics/trig.sty
Package: trig 2021/08/11 v1.11 sin cos tan (DPC)
) (c:/texlive/2023/texmf-dist/tex/latex/graphics-cfg/graphics.cfg
File: graphics.cfg 2016/06/04 v1.11 sample graphics configuration
)
Package graphics Info: Driver file: xetex.def on input line 107.
 (c:/texlive/2023/texmf-dist/tex/latex/graphics-def/xetex.def
File: xetex.def 2022/09/22 v5.0n Graphics/color driver for xetex
))) (c:/texlive/2023/texmf-dist/tex/latex/hyperref/hyperref.sty
Package: hyperref 2024-01-20 v7.01h Hypertext links for LaTeX
 (c:/texlive/2023/texmf-dist/tex/latex/kvsetkeys/kvsetkeys.sty
Package: kvsetkeys 2022-10-05 v1.19 Key value parser (HO)
) (c:/texlive/2023/texmf-dist/tex/generic/kvdefinekeys/kvdefinekeys.sty
Package: kvdefinekeys 2019-12-19 v1.6 Define keys (HO)
) (c:/texlive/2023/texmf-dist/tex/generic/pdfescape/pdfescape.sty
Package: pdfescape 2019/12/09 v1.15 Implements pdfTeX's escape features (HO)
 (c:/texlive/2023/texmf-dist/tex/generic/ltxcmds/ltxcmds.sty
Package: ltxcmds 2023-12-04 v1.26 LaTeX kernel commands for general use (HO)
) (c:/texlive/2023/texmf-dist/tex/generic/pdftexcmds/pdftexcmds.sty
Package: pdftexcmds 2020-06-27 v0.33 Utility functions of pdfTeX for LuaTeX (HO)
 (c:/texlive/2023/texmf-dist/tex/generic/infwarerr/infwarerr.sty
Package: infwarerr 2019/12/03 v1.5 Providing info/warning/error messages (HO)
)
Package pdftexcmds Info: \pdf@primitive is available.
Package pdftexcmds Info: \pdf@ifprimitive is available.
Package pdftexcmds Info: \pdfdraftmode not found.
)) (c:/texlive/2023/texmf-dist/tex/latex/hycolor/hycolor.sty
Package: hycolor 2020-01-27 v1.10 Color options for hyperref/bookmark (HO)
) (c:/texlive/2023/texmf-dist/tex/latex/auxhook/auxhook.sty
Package: auxhook 2019-12-17 v1.6 Hooks for auxiliary files (HO)
) (c:/texlive/2023/texmf-dist/tex/latex/hyperref/nameref.sty
Package: nameref 2023-11-26 v2.56 Cross-referencing by name of section
 (c:/texlive/2023/texmf-dist/tex/latex/refcount/refcount.sty
Package: refcount 2019/12/15 v3.6 Data extraction from label references (HO)
) (c:/texlive/2023/texmf-dist/tex/generic/gettitlestring/gettitlestring.sty
Package: gettitlestring 2019/12/15 v1.6 Cleanup title references (HO)
 (c:/texlive/2023/texmf-dist/tex/latex/kvoptions/kvoptions.sty
Package: kvoptions 2022-06-15 v3.15 Key value format for package options (HO)
))
\c@section@level=\count304
)
\@linkdim=\dimen162
\Hy@linkcounter=\count305
\Hy@pagecounter=\count306
 (c:/texlive/2023/texmf-dist/tex/latex/hyperref/pd1enc.def
File: pd1enc.def 2024-01-20 v7.01h Hyperref: PDFDocEncoding definition (HO)
) (c:/texlive/2023/texmf-dist/tex/generic/intcalc/intcalc.sty
Package: intcalc 2019/12/15 v1.3 Expandable calculations with integers (HO)
)
\Hy@SavedSpaceFactor=\count307
 (c:/texlive/2023/texmf-dist/tex/latex/hyperref/puenc.def
File: puenc.def 2024-01-20 v7.01h Hyperref: PDF Unicode definition (HO)
)
Package hyperref Info: Hyper figures OFF on input line 4179.
Package hyperref Info: Link nesting OFF on input line 4184.
Package hyperref Info: Hyper index ON on input line 4187.
Package hyperref Info: Plain pages OFF on input line 4194.
Package hyperref Info: Backreferencing OFF on input line 4199.
Package hyperref Info: Implicit mode ON; LaTeX internals redefined.
Package hyperref Info: Bookmarks ON on input line 4446.
\c@Hy@tempcnt=\count308
 (c:/texlive/2023/texmf-dist/tex/latex/url/url.sty
\Urlmuskip=\muskip18
Package: url 2013/09/16  ver 3.4  Verb mode for urls, etc.
)
LaTeX Info: Redefining \url on input line 4784.
\XeTeXLinkMargin=\dimen163
Requested font "pzdr" at 0.00002pt
 -> c:/texlive/2023/texmf-dist/fonts/tfm/adobe/zapfding/pzdr.tfm
 (c:/texlive/2023/texmf-dist/tex/generic/bitset/bitset.sty
Package: bitset 2019/12/09 v1.3 Handle bit-vector datatype (HO)
 (c:/texlive/2023/texmf-dist/tex/generic/bigintcalc/bigintcalc.sty
Package: bigintcalc 2019/12/15 v1.5 Expandable calculations on big integers (HO)
))
\Fld@menulength=\count309
\Field@Width=\dimen164
\Fld@charsize=\dimen165
Package hyperref Info: Hyper figures OFF on input line 6063.
Package hyperref Info: Link nesting OFF on input line 6068.
Package hyperref Info: Hyper index ON on input line 6071.
Package hyperref Info: backreferencing OFF on input line 6078.
Package hyperref Info: Link coloring OFF on input line 6083.
Package hyperref Info: Link coloring with OCG OFF on input line 6088.
Package hyperref Info: PDF/A mode OFF on input line 6093.
 (c:/texlive/2023/texmf-dist/tex/latex/base/atbegshi-ltx.sty
Package: atbegshi-ltx 2021/01/10 v1.0c Emulation of the original atbegshi
package with kernel methods
)
\Hy@abspage=\count310
\c@Item=\count311
\c@Hfootnote=\count312
)
Package hyperref Info: Driver (autodetected): hxetex.
 (c:/texlive/2023/texmf-dist/tex/latex/hyperref/hxetex.def
File: hxetex.def 2024-01-20 v7.01h Hyperref driver for XeTeX
 (c:/texlive/2023/texmf-dist/tex/generic/stringenc/stringenc.sty
Package: stringenc 2019/11/29 v1.12 Convert strings between diff. encodings (HO)
)
\pdfm@box=\box54
\c@Hy@AnnotLevel=\count313
\HyField@AnnotCount=\count314
\Fld@listcount=\count315
\c@bookmark@seq@number=\count316
 (c:/texlive/2023/texmf-dist/tex/latex/rerunfilecheck/rerunfilecheck.sty
Package: rerunfilecheck 2022-07-10 v1.10 Rerun checks for auxiliary files (HO)
 (c:/texlive/2023/texmf-dist/tex/latex/base/atveryend-ltx.sty
Package: atveryend-ltx 2020/08/19 v1.0a Emulation of the original atveryend package
with kernel methods
) (c:/texlive/2023/texmf-dist/tex/generic/uniquecounter/uniquecounter.sty
Package: uniquecounter 2019/12/15 v1.4 Provide unlimited unique counter (HO)
)
Package uniquecounter Info: New unique counter `rerunfilecheck' on input line 285.
)
\Hy@SectionHShift=\skip55
) (c:/texlive/2023/texmf-dist/tex/latex/lipsum/lipsum.sty
Package: lipsum 2021-09-20 v2.7 150 paragraphs of Lorem Ipsum dummy text
\g__lipsum_par_int=\count317
\l__lipsum_a_int=\count318
\l__lipsum_b_int=\count319
 (c:/texlive/2023/texmf-dist/tex/latex/lipsum/lipsum.ltd.tex)) (c:/texlive/2023/texmf-dist/tex/latex/comment/comment.sty
\CommentStream=\write3
 Excluding comment 'comment') (c:/texlive/2023/texmf-dist/tex/latex/booktabs/booktabs.sty
Package: booktabs 2020/01/12 v1.61803398 Publication quality tables
\heavyrulewidth=\dimen166
\lightrulewidth=\dimen167
\cmidrulewidth=\dimen168
\belowrulesep=\dimen169
\belowbottomsep=\dimen170
\aboverulesep=\dimen171
\abovetopsep=\dimen172
\cmidrulesep=\dimen173
\cmidrulekern=\dimen174
\defaultaddspace=\dimen175
\@cmidla=\count320
\@cmidlb=\count321
\@aboverulesep=\dimen176
\@belowrulesep=\dimen177
\@thisruleclass=\count322
\@lastruleclass=\count323
\@thisrulewidth=\dimen178
) (c:/texlive/2023/texmf-dist/tex/latex/siunitx/siunitx.sty
Package: siunitx 2023-08-03 v3.3.2 A comprehensive (SI) units package
\l__siunitx_number_uncert_offset_int=\count324
\l__siunitx_number_exponent_fixed_int=\count325
\l__siunitx_number_min_decimal_int=\count326
\l__siunitx_number_min_integer_int=\count327
\l__siunitx_number_round_precision_int=\count328
\l__siunitx_number_lower_threshold_int=\count329
\l__siunitx_number_upper_threshold_int=\count330
\l__siunitx_number_group_first_int=\count331
\l__siunitx_number_group_size_int=\count332
\l__siunitx_number_group_minimum_int=\count333
\l__siunitx_angle_tmp_dim=\dimen179
\l__siunitx_angle_marker_box=\box55
\l__siunitx_angle_unit_box=\box56
\l__siunitx_compound_count_int=\count334
 (c:/texlive/2023/texmf-dist/tex/latex/translations/translations.sty
Package: translations 2022/02/05 v1.12 internationalization of LaTeX2e packages (CN)
)
\l__siunitx_table_tmp_box=\box57
\l__siunitx_table_tmp_dim=\dimen180
\l__siunitx_table_column_width_dim=\dimen181
\l__siunitx_table_integer_box=\box58
\l__siunitx_table_decimal_box=\box59
\l__siunitx_table_uncert_box=\box60
\l__siunitx_table_before_box=\box61
\l__siunitx_table_after_box=\box62
\l__siunitx_table_before_dim=\dimen182
\l__siunitx_table_carry_dim=\dimen183
\l__siunitx_unit_tmp_int=\count335
\l__siunitx_unit_position_int=\count336
\l__siunitx_unit_total_int=\count337
 (c:/texlive/2023/texmf-dist/tex/latex/tools/array.sty
Package: array 2022/09/04 v2.5g Tabular extension package (FMi)
\col@sep=\dimen184
\ar@mcellbox=\box63
\extrarowheight=\dimen185
\NC@list=\toks27
\extratabsurround=\skip56
\backup@length=\skip57
\ar@cellbox=\box64
)) (c:/texlive/2023/texmf-dist/tex/latex/threeparttable/threeparttable.sty
Package: threeparttable 2003/06/13  v 3.0
\@tempboxb=\box65
) (c:/texlive/2023/texmf-dist/tex/latex/graphics/graphicx.sty
Package: graphicx 2021/09/16 v1.2d Enhanced LaTeX Graphics (DPC,SPQR)
\Gin@req@height=\dimen186
\Gin@req@width=\dimen187
) (c:/texlive/2023/texmf-dist/tex/latex/subfiles/subfiles.sty
Package: subfiles 2020/11/14 v2.2 Multi-file projects (package)
) (c:/texlive/2023/texmf-dist/tex/latex/biblatex-chicago/biblatex-chicago.sty
Package: biblatex-chicago 2022/07/02 v 3.18 biblatex style
 (c:/texlive/2023/texmf-dist/tex/generic/xstring/xstring.sty (c:/texlive/2023/texmf-dist/tex/generic/xstring/xstring.tex
\integerpart=\count338
\decimalpart=\count339
)
Package: xstring 2023/01/14 v1.85 String manipulations (CT)
) (c:/texlive/2023/texmf-dist/tex/latex/biblatex/biblatex.sty
Package: biblatex 2023/03/05 v3.19 programmable bibliographies (PK/MW)
 (c:/texlive/2023/texmf-dist/tex/latex/logreq/logreq.sty
Package: logreq 2010/08/04 v1.0 xml request logger
\lrq@indent=\count340
 (c:/texlive/2023/texmf-dist/tex/latex/logreq/logreq.def
File: logreq.def 2010/08/04 v1.0 logreq spec v1.0
)) (c:/texlive/2023/texmf-dist/tex/latex/base/ifthen.sty
Package: ifthen 2022/04/13 v1.1d Standard LaTeX ifthen package (DPC)
)
\c@tabx@nest=\count341
\c@listtotal=\count342
\c@listcount=\count343
\c@liststart=\count344
\c@liststop=\count345
\c@citecount=\count346
\c@citetotal=\count347
\c@multicitecount=\count348
\c@multicitetotal=\count349
\c@instcount=\count350
\c@maxnames=\count351
\c@minnames=\count352
\c@maxitems=\count353
\c@minitems=\count354
\c@citecounter=\count355
\c@maxcitecounter=\count356
\c@savedcitecounter=\count357
\c@uniquelist=\count358
\c@uniquename=\count359
\c@refsection=\count360
\c@refsegment=\count361
\c@maxextratitle=\count362
\c@maxextratitleyear=\count363
\c@maxextraname=\count364
\c@maxextradate=\count365
\c@maxextraalpha=\count366
\c@abbrvpenalty=\count367
\c@highnamepenalty=\count368
\c@lownamepenalty=\count369
\c@maxparens=\count370
\c@parenlevel=\count371
\blx@tempcnta=\count372
\blx@tempcntb=\count373
\blx@tempcntc=\count374
\c@blx@maxsection=\count375
\blx@maxsegment@0=\count376
\blx@notetype=\count377
\blx@parenlevel@text=\count378
\blx@parenlevel@foot=\count379
\blx@sectionciteorder@0=\count380
\blx@sectionciteorderinternal@0=\count381
\blx@entrysetcounter=\count382
\blx@biblioinstance=\count383
\labelnumberwidth=\skip58
\labelalphawidth=\skip59
\biblabelsep=\skip60
\bibitemsep=\skip61
\bibnamesep=\skip62
\bibinitsep=\skip63
\bibparsep=\skip64
\bibhang=\skip65
\blx@bcfin=\read3
\blx@bcfout=\write4
\blx@langwohyphens=\language88
\c@mincomprange=\count384
\c@maxcomprange=\count385
\c@mincompwidth=\count386
Package biblatex Info: Trying to load biblatex default data model...
Package biblatex Info: ... file 'blx-dm.def' found.
 (c:/texlive/2023/texmf-dist/tex/latex/biblatex/blx-dm.def
File: blx-dm.def 2023/03/05 v3.19 biblatex localization (PK/MW)
)
Package biblatex Info: Trying to load biblatex style data model...
Package biblatex Info: ... file 'chicago-authordate.dbx' not found.
Package biblatex Info: Trying to load biblatex custom data model...
Package biblatex Info: ... file 'biblatex-dm.cfg' not found.
\c@afterword=\count387
\c@savedafterword=\count388
\c@annotator=\count389
\c@savedannotator=\count390
\c@author=\count391
\c@savedauthor=\count392
\c@bookauthor=\count393
\c@savedbookauthor=\count394
\c@commentator=\count395
\c@savedcommentator=\count396
\c@editor=\count397
\c@savededitor=\count398
\c@editora=\count399
\c@savededitora=\count400
\c@editorb=\count401
\c@savededitorb=\count402
\c@editorc=\count403
\c@savededitorc=\count404
\c@foreword=\count405
\c@savedforeword=\count406
\c@holder=\count407
\c@savedholder=\count408
\c@introduction=\count409
\c@savedintroduction=\count410
\c@namea=\count411
\c@savednamea=\count412
\c@nameb=\count413
\c@savednameb=\count414
\c@namec=\count415
\c@savednamec=\count416
\c@translator=\count417
\c@savedtranslator=\count418
\c@shortauthor=\count419
\c@savedshortauthor=\count420
\c@shorteditor=\count421
\c@savedshorteditor=\count422
\c@labelname=\count423
\c@savedlabelname=\count424
\c@institution=\count425
\c@savedinstitution=\count426
\c@lista=\count427
\c@savedlista=\count428
\c@listb=\count429
\c@savedlistb=\count430
\c@listc=\count431
\c@savedlistc=\count432
\c@listd=\count433
\c@savedlistd=\count434
\c@liste=\count435
\c@savedliste=\count436
\c@listf=\count437
\c@savedlistf=\count438
\c@location=\count439
\c@savedlocation=\count440
\c@organization=\count441
\c@savedorganization=\count442
\c@origlocation=\count443
\c@savedoriglocation=\count444
\c@origpublisher=\count445
\c@savedorigpublisher=\count446
\c@publisher=\count447
\c@savedpublisher=\count448
\c@language=\count449
\c@savedlanguage=\count450
\c@origlanguage=\count451
\c@savedoriglanguage=\count452
\c@pageref=\count453
\c@savedpageref=\count454
\shorthandwidth=\skip66
\shortjournalwidth=\skip67
\shortserieswidth=\skip68
\shorttitlewidth=\skip69
\shortauthorwidth=\skip70
\shorteditorwidth=\skip71
\locallabelnumberwidth=\skip72
\locallabelalphawidth=\skip73
\localshorthandwidth=\skip74
\localshortjournalwidth=\skip75
\localshortserieswidth=\skip76
\localshorttitlewidth=\skip77
\localshortauthorwidth=\skip78
\localshorteditorwidth=\skip79
Package biblatex Info: Trying to load enhanced support for Unicode engines...
Package biblatex Info: ... file 'blx-unicode.def' found.
 (c:/texlive/2023/texmf-dist/tex/latex/biblatex/blx-unicode.def)
Package biblatex Info: Trying to load compatibility code...
Package biblatex Info: ... file 'blx-compat.def' found.
 (c:/texlive/2023/texmf-dist/tex/latex/biblatex/blx-compat.def
File: blx-compat.def 2023/03/05 v3.19 biblatex compatibility (PK/MW)
)
Package biblatex Info: Trying to load generic definitions...
Package biblatex Info: ... file 'biblatex.def' found.
 (c:/texlive/2023/texmf-dist/tex/latex/biblatex/biblatex.def
File: biblatex.def 2023/03/05 v3.19 biblatex compatibility (PK/MW)
\c@textcitecount=\count455
\c@textcitetotal=\count456
\c@textcitemaxnames=\count457
\c@biburlbigbreakpenalty=\count458
\c@biburlbreakpenalty=\count459
\c@biburlnumpenalty=\count460
\c@biburlucpenalty=\count461
\c@biburllcpenalty=\count462
\biburlbigskip=\muskip19
\biburlnumskip=\muskip20
\biburlucskip=\muskip21
\biburllcskip=\muskip22
\c@smartand=\count463
)
Package biblatex Info: Trying to load bibliography style 'chicago-authordate'...
Package biblatex Info: ... file 'chicago-authordate.bbx' found.
 (c:/texlive/2023/texmf-dist/tex/latex/biblatex-chicago/chicago-authordate.bbx
File: chicago-authordate.bbx 2022/11/17 v 3.18b biblatex bibliography style
\lositemsep=\skip80
Package biblatex Info: Delimiter 'revsdnamedelim' in context '' already defined, overwriting.
\cms@tempcnta=\count464
\cms@tempcntb=\count465
\c@bbx:relatedcount=\count466
\c@bbx:relatedtotal=\count467
)
Package biblatex Info: Trying to load citation style 'chicago-authordate'...
Package biblatex Info: ... file 'chicago-authordate.cbx' found.
 (c:/texlive/2023/texmf-dist/tex/latex/biblatex-chicago/chicago-authordate.cbx
File: chicago-authordate.cbx 2022/07/02 v 3.18 biblatex citation style
Package biblatex Info: Trying to load citation style 'chicago-dates-common'...
Package biblatex Info: ... file 'chicago-dates-common.cbx' found.
 (c:/texlive/2023/texmf-dist/tex/latex/biblatex-chicago/chicago-dates-common.cbx
File: chicago-dates-common.cbx 2022/11/17 v 3.18b biblatex citation style
Package biblatex Info: Redefining '\cite'.
Package biblatex Info: Redefining '\parencite'.
Package biblatex Info: Redefining '\footcite'.
Package biblatex Info: Redefining '\footcitetext'.
Package biblatex Info: Redefining '\footfullcite'.
Package biblatex Info: Redefining '\fullcite'.
Package biblatex Info: Redefining '\textcite'.
Package biblatex Info: Redefining '\textcites'.
Package biblatex Info: Redefining '\cites'.
Package biblatex Info: Redefining '\parencites'.
Package biblatex Info: Redefining '\footcites'.
Package biblatex Info: Redefining '\footcitetexts'.
\c@cms@punct=\count468
Package biblatex Info: Delimiter 'dateeradelim' in context '' already defined, overwriting.
))
Package biblatex Info: Trying to load configuration file...
Package biblatex Info: ... file 'biblatex.cfg' found.
 (c:/texlive/2023/texmf-dist/tex/latex/biblatex/biblatex.cfg
File: biblatex.cfg 
)
Package biblatex Info: XeTeX detected.
(biblatex)             Assuming input encoding 'utf8'.
Package biblatex Info: Document encoding is UTF8 ....
Package biblatex Info: ... and expl3
(biblatex)             2024-02-18 L3 programming layer (loader) 
(biblatex)             is new enough (at least 2020/04/06),
(biblatex)             setting 'casechanger=expl3'.
 (c:/texlive/2023/texmf-dist/tex/latex/biblatex/blx-case-expl3.sty
Package: blx-case-expl3 2023/03/05 v3.19 expl3 case changing code for biblatex
)))))
Package csquotes Info: Checking for multilingual support...
Package csquotes Info: ... found 'babel' package.
Package csquotes Info: Adjusting default style.
Package csquotes Info: Redefining alias 'default' -> 'canadian'.

No file 4_results.aux.
\openout1 = `4_results.aux'.

LaTeX Font Info:    Checking defaults for OML/cmm/m/it on input line 5.
LaTeX Font Info:    ... okay on input line 5.
LaTeX Font Info:    Checking defaults for OMS/cmsy/m/n on input line 5.
LaTeX Font Info:    ... okay on input line 5.
LaTeX Font Info:    Checking defaults for OT1/cmr/m/n on input line 5.
LaTeX Font Info:    ... okay on input line 5.
LaTeX Font Info:    Checking defaults for T1/cmr/m/n on input line 5.
LaTeX Font Info:    ... okay on input line 5.
LaTeX Font Info:    Checking defaults for TS1/cmr/m/n on input line 5.
LaTeX Font Info:    ... okay on input line 5.
LaTeX Font Info:    Checking defaults for TU/lmr/m/n on input line 5.
LaTeX Font Info:    ... okay on input line 5.
LaTeX Font Info:    Checking defaults for OMX/cmex/m/n on input line 5.
LaTeX Font Info:    ... okay on input line 5.
LaTeX Font Info:    Checking defaults for U/cmr/m/n on input line 5.
LaTeX Font Info:    ... okay on input line 5.
LaTeX Font Info:    Checking defaults for PD1/pdf/m/n on input line 5.
LaTeX Font Info:    ... okay on input line 5.
LaTeX Font Info:    Checking defaults for PU/pdf/m/n on input line 5.
LaTeX Font Info:    ... okay on input line 5.
*geometry* driver: auto-detecting
*geometry* detected driver: xetex
*geometry* verbose mode - [ preamble ] result:
* driver: xetex
* paper: a4paper
* layout: <same size as paper>
* layoutoffset:(h,v)=(0.0pt,0.0pt)
* modes: 
* h-part:(L,W,R)=(72.26999pt, 452.9679pt, 72.26999pt)
* v-part:(T,H,B)=(72.26999pt, 700.50687pt, 72.26999pt)
* \paperwidth=597.50787pt
* \paperheight=845.04684pt
* \textwidth=452.9679pt
* \textheight=700.50687pt
* \oddsidemargin=0.0pt
* \evensidemargin=0.0pt
* \topmargin=-37.0pt
* \headheight=12.0pt
* \headsep=25.0pt
* \topskip=12.0pt
* \footskip=30.0pt
* \marginparwidth=35.0pt
* \marginparsep=10.0pt
* \columnsep=10.0pt
* \skip\footins=10.8pt plus 4.0pt minus 2.0pt
* \hoffset=0.0pt
* \voffset=0.0pt
* \mag=1000
* \@twocolumnfalse
* \@twosidefalse
* \@mparswitchfalse
* \@reversemarginfalse
* (1in=72.27pt=25.4mm, 1cm=28.453pt)

Package hyperref Info: Link coloring OFF on input line 5.
\@outlinefile=\write5
\openout5 = `4_results.out'.


Package hyperref Warning: Rerun to get /PageLabels entry.

(c:/texlive/2023/texmf-dist/tex/latex/graphics/color.sty
Package: color 2022/01/06 v1.3d Standard LaTeX Color (DPC)
 (c:/texlive/2023/texmf-dist/tex/latex/graphics-cfg/color.cfg
File: color.cfg 2016/01/02 v1.6 sample color configuration
)
Package color Info: Driver file: xetex.def on input line 149.
 (c:/texlive/2023/texmf-dist/tex/latex/graphics/mathcolor.ltx)) (c:/texlive/2023/texmf-dist/tex/latex/translations/translations-basic-dictionary-english.trsl
File: translations-basic-dictionary-english.trsl (english translation file `translations-basic-dictionary')
)
Package biblatex Info: Trying to load language 'canadian'...
Package biblatex Info: ... file 'canadian.lbx' found.
 (c:/texlive/2023/texmf-dist/tex/latex/biblatex/lbx/canadian.lbx
File: canadian.lbx 2023/03/05 v3.19 biblatex localization (PK/MW)
Package biblatex Info: Trying to load language 'english'...
Package biblatex Info: ... file 'english.lbx' found.
 (c:/texlive/2023/texmf-dist/tex/latex/biblatex/lbx/english.lbx
File: english.lbx 2023/03/05 v3.19 biblatex localization (PK/MW)
)
Package biblatex Info: Trying to load language 'english'...
Package biblatex Info: ... file 'english.lbx' found.
 (c:/texlive/2023/texmf-dist/tex/latex/biblatex/lbx/english.lbx
File: english.lbx 2023/03/05 v3.19 biblatex localization (PK/MW)
))
Package biblatex Info: XeTeX detected.
(biblatex)             Assuming input encoding 'utf8'.
Package biblatex Info: Automatic encoding selection.
(biblatex)             Assuming data encoding 'utf8'.
\openout4 = `4_results.bcf'.

Package biblatex Info: Trying to load bibliographic data...
Package biblatex Info: ... file '4_results.bbl' found.
 (./4_results.bbl)
Package biblatex Info: Reference section=0 on input line 5.
Package biblatex Info: Reference segment=0 on input line 5.
LaTeX Font Info:    Font shape `TU/LibertinusSerif(0)/m/n' will be
(Font)              scaled to size 17.28pt on input line 6.
Requested font "[LibertinusSerif-Regular.otf]/OT:script=latn;language=dflt;+hv-kern;+tnum;+lnum;mapping=tex-text;" at 17.28pt
 -> c:/texlive/2023/texmf-dist/fonts/opentype/public/libertinus-fonts/LibertinusSerif-Regular.otf
LaTeX Font Info:    Font shape `TU/LibertinusSerif(0)/b/n' will be
(Font)              scaled to size 17.28pt on input line 6.
Requested font "[LibertinusSerif-Bold.otf]/OT:script=latn;language=dflt;+hv-kern;+tnum;+lnum;mapping=tex-text;" at 17.28pt
 -> c:/texlive/2023/texmf-dist/fonts/opentype/public/libertinus-fonts/LibertinusSerif-Bold.otf
LaTeX Font Info:    Font shape `TU/LibertinusSerif(0)/m/n' will be
(Font)              scaled to size 14.4pt on input line 9.
Requested font "[LibertinusSerif-Regular.otf]/OT:script=latn;language=dflt;+hv-kern;+tnum;+lnum;mapping=tex-text;" at 14.4pt
 -> c:/texlive/2023/texmf-dist/fonts/opentype/public/libertinus-fonts/LibertinusSerif-Regular.otf
LaTeX Font Info:    Font shape `TU/LibertinusSerif(0)/b/n' will be
(Font)              scaled to size 14.4pt on input line 9.
Requested font "[LibertinusSerif-Bold.otf]/OT:script=latn;language=dflt;+hv-kern;+tnum;+lnum;mapping=tex-text;" at 14.4pt
 -> c:/texlive/2023/texmf-dist/fonts/opentype/public/libertinus-fonts/LibertinusSerif-Bold.otf
LaTeX Font Info:    Font shape `TU/LibertinusSerif(0)/b/n' will be
(Font)              scaled to size 12.0pt on input line 11.
Requested font "[LibertinusSerif-Bold.otf]/OT:script=latn;language=dflt;+hv-kern;+tnum;+lnum;mapping=tex-text;" at 12.0pt
 -> c:/texlive/2023/texmf-dist/fonts/opentype/public/libertinus-fonts/LibertinusSerif-Bold.otf


LaTeX Warning: Reference `tab:dd_twfe_patents' on page 1 undefined on input line 11.


LaTeX Warning: Reference `eq:dd_model' on page 1 undefined on input line 11.

Requested font "[LibertinusMath-Regular.otf]/OT:script=math;language=dflt;+ssty=0;" at 9.6pt
 -> c:/texlive/2023/texmf-dist/fonts/opentype/public/libertinus-fonts/LibertinusMath-Regular.otf
Requested font "[LibertinusMath-Regular.otf]/OT:script=math;language=dflt;+ssty=1;" at 7.2pt
 -> c:/texlive/2023/texmf-dist/fonts/opentype/public/libertinus-fonts/LibertinusMath-Regular.otf
Requested font "cmmi12" at 12.0pt
 -> c:/texlive/2023/texmf-dist/fonts/tfm/public/cm/cmmi12.tfm
Requested font "cmmi9" at 9.6pt
 -> c:/texlive/2023/texmf-dist/fonts/tfm/public/cm/cmmi9.tfm
Requested font "cmmi7" at 7.2pt
 -> c:/texlive/2023/texmf-dist/fonts/tfm/public/cm/cmmi7.tfm
LaTeX Font Info:    Font shape `TU/LibertinusMath-Regular.otf(2)/m/n' will be
(Font)              scaled to size 12.00128pt on input line 13.
Requested font "[LibertinusMath-Regular.otf]/OT:script=math;language=dflt;" at 12.00128pt
 -> c:/texlive/2023/texmf-dist/fonts/opentype/public/libertinus-fonts/LibertinusMath-Regular.otf
LaTeX Font Info:    Font shape `TU/LibertinusMath-Regular.otf(2)/m/n' will be
(Font)              scaled to size 9.60103pt on input line 13.
Requested font "[LibertinusMath-Regular.otf]/OT:script=math;language=dflt;+ssty=0;" at 9.60103pt
 -> c:/texlive/2023/texmf-dist/fonts/opentype/public/libertinus-fonts/LibertinusMath-Regular.otf
LaTeX Font Info:    Font shape `TU/LibertinusMath-Regular.otf(2)/m/n' will be
(Font)              scaled to size 7.20076pt on input line 13.
Requested font "[LibertinusMath-Regular.otf]/OT:script=math;language=dflt;+ssty=1;" at 7.20076pt
 -> c:/texlive/2023/texmf-dist/fonts/opentype/public/libertinus-fonts/LibertinusMath-Regular.otf
LaTeX Font Info:    Font shape `TU/LibertinusMath-Regular.otf(3)/m/n' will be
(Font)              scaled to size 11.99872pt on input line 13.
Requested font "[LibertinusMath-Regular.otf]/OT:script=math;language=dflt;" at 11.99872pt
 -> c:/texlive/2023/texmf-dist/fonts/opentype/public/libertinus-fonts/LibertinusMath-Regular.otf
LaTeX Font Info:    Font shape `TU/LibertinusMath-Regular.otf(3)/m/n' will be
(Font)              scaled to size 9.59897pt on input line 13.
Requested font "[LibertinusMath-Regular.otf]/OT:script=math;language=dflt;+ssty=0;" at 9.59897pt
 -> c:/texlive/2023/texmf-dist/fonts/opentype/public/libertinus-fonts/LibertinusMath-Regular.otf
LaTeX Font Info:    Font shape `TU/LibertinusMath-Regular.otf(3)/m/n' will be
(Font)              scaled to size 7.19922pt on input line 13.
Requested font "[LibertinusMath-Regular.otf]/OT:script=math;language=dflt;+ssty=1;" at 7.19922pt
 -> c:/texlive/2023/texmf-dist/fonts/opentype/public/libertinus-fonts/LibertinusMath-Regular.otf
(../../output/tables/dd_twfe_patents.tex
LaTeX Font Info:    Font shape `TU/LibertinusSerif(1)/m/n' will be
(Font)              scaled to size 12.0pt on input line 43.
Requested font "[LibertinusSerif-Regular.otf]/OT:script=latn;language=dflt;+tnum;+lnum;" at 12.0pt
 -> c:/texlive/2023/texmf-dist/fonts/opentype/public/libertinus-fonts/LibertinusSerif-Regular.otf
LaTeX Font Info:    Font shape `TU/LibertinusSerif(1)/m/n' will be
(Font)              scaled to size 9.6pt on input line 43.
Requested font "[LibertinusSerif-Regular.otf]/OT:script=latn;language=dflt;+tnum;+lnum;" at 9.6pt
 -> c:/texlive/2023/texmf-dist/fonts/opentype/public/libertinus-fonts/LibertinusSerif-Regular.otf
LaTeX Font Info:    Font shape `TU/LibertinusSerif(1)/m/n' will be
(Font)              scaled to size 7.2pt on input line 43.
Requested font "[LibertinusSerif-Regular.otf]/OT:script=latn;language=dflt;+tnum;+lnum;" at 7.2pt
 -> c:/texlive/2023/texmf-dist/fonts/opentype/public/libertinus-fonts/LibertinusSerif-Regular.otf
LaTeX Font Info:    Font shape `TU/LibertinusSerif(0)/m/n' will be
(Font)              scaled to size 9.6pt on input line 43.
Requested font "[LibertinusSerif-Regular.otf]/OT:script=latn;language=dflt;+hv-kern;+tnum;+lnum;mapping=tex-text;" at 9.6pt
 -> c:/texlive/2023/texmf-dist/fonts/opentype/public/libertinus-fonts/LibertinusSerif-Regular.otf
LaTeX Font Info:    Font shape `TU/LibertinusSerif(0)/m/n' will be
(Font)              scaled to size 7.2pt on input line 43.
Requested font "[LibertinusSerif-Regular.otf]/OT:script=latn;language=dflt;+hv-kern;+tnum;+lnum;mapping=tex-text;" at 7.2pt
 -> c:/texlive/2023/texmf-dist/fonts/opentype/public/libertinus-fonts/LibertinusSerif-Regular.otf
)
LaTeX Font Info:    Font shape `TU/LibertinusSerif(0)/m/n' will be
(Font)              scaled to size 10.95pt on input line 22.
Requested font "[LibertinusSerif-Regular.otf]/OT:script=latn;language=dflt;+hv-kern;+tnum;+lnum;mapping=tex-text;" at 10.95pt
 -> c:/texlive/2023/texmf-dist/fonts/opentype/public/libertinus-fonts/LibertinusSerif-Regular.otf
Requested font "[LibertinusMath-Regular.otf]/OT:script=math;language=dflt;" at 10.95pt
 -> c:/texlive/2023/texmf-dist/fonts/opentype/public/libertinus-fonts/LibertinusMath-Regular.otf
Requested font "[LibertinusMath-Regular.otf]/OT:script=math;language=dflt;+ssty=1;" at 8.0pt
 -> c:/texlive/2023/texmf-dist/fonts/opentype/public/libertinus-fonts/LibertinusMath-Regular.otf
Requested font "[LibertinusMath-Regular.otf]/OT:script=math;language=dflt;+ssty=1;" at 6.0pt
 -> c:/texlive/2023/texmf-dist/fonts/opentype/public/libertinus-fonts/LibertinusMath-Regular.otf
LaTeX Font Info:    Font shape `TU/LibertinusSerif(1)/m/n' will be
(Font)              scaled to size 10.95pt on input line 23.
Requested font "[LibertinusSerif-Regular.otf]/OT:script=latn;language=dflt;+tnum;+lnum;" at 10.95pt
 -> c:/texlive/2023/texmf-dist/fonts/opentype/public/libertinus-fonts/LibertinusSerif-Regular.otf
LaTeX Font Info:    Font shape `TU/LibertinusSerif(1)/m/n' will be
(Font)              scaled to size 8.0pt on input line 23.
Requested font "[LibertinusSerif-Regular.otf]/OT:script=latn;language=dflt;+tnum;+lnum;" at 8.0pt
 -> c:/texlive/2023/texmf-dist/fonts/opentype/public/libertinus-fonts/LibertinusSerif-Regular.otf
LaTeX Font Info:    Font shape `TU/LibertinusSerif(1)/m/n' will be
(Font)              scaled to size 6.0pt on input line 23.
Requested font "[LibertinusSerif-Regular.otf]/OT:script=latn;language=dflt;+tnum;+lnum;" at 6.0pt
 -> c:/texlive/2023/texmf-dist/fonts/opentype/public/libertinus-fonts/LibertinusSerif-Regular.otf
Requested font "cmmi10" at 10.95pt
 -> c:/texlive/2023/texmf-dist/fonts/tfm/public/cm/cmmi10.tfm
Requested font "cmmi8" at 8.0pt
 -> c:/texlive/2023/texmf-dist/fonts/tfm/public/cm/cmmi8.tfm
Requested font "cmmi6" at 6.0pt
 -> c:/texlive/2023/texmf-dist/fonts/tfm/public/cm/cmmi6.tfm
LaTeX Font Info:    Font shape `TU/LibertinusMath-Regular.otf(2)/m/n' will be
(Font)              scaled to size 10.95116pt on input line 23.
Requested font "[LibertinusMath-Regular.otf]/OT:script=math;language=dflt;" at 10.95116pt
 -> c:/texlive/2023/texmf-dist/fonts/opentype/public/libertinus-fonts/LibertinusMath-Regular.otf
LaTeX Font Info:    Font shape `TU/LibertinusMath-Regular.otf(2)/m/n' will be
(Font)              scaled to size 8.00085pt on input line 23.
Requested font "[LibertinusMath-Regular.otf]/OT:script=math;language=dflt;+ssty=1;" at 8.00085pt
 -> c:/texlive/2023/texmf-dist/fonts/opentype/public/libertinus-fonts/LibertinusMath-Regular.otf
LaTeX Font Info:    Font shape `TU/LibertinusMath-Regular.otf(2)/m/n' will be
(Font)              scaled to size 6.00064pt on input line 23.
Requested font "[LibertinusMath-Regular.otf]/OT:script=math;language=dflt;+ssty=1;" at 6.00064pt
 -> c:/texlive/2023/texmf-dist/fonts/opentype/public/libertinus-fonts/LibertinusMath-Regular.otf
LaTeX Font Info:    Font shape `TU/LibertinusMath-Regular.otf(3)/m/n' will be
(Font)              scaled to size 10.94882pt on input line 23.
Requested font "[LibertinusMath-Regular.otf]/OT:script=math;language=dflt;" at 10.94882pt
 -> c:/texlive/2023/texmf-dist/fonts/opentype/public/libertinus-fonts/LibertinusMath-Regular.otf
LaTeX Font Info:    Font shape `TU/LibertinusMath-Regular.otf(3)/m/n' will be
(Font)              scaled to size 7.99915pt on input line 23.
Requested font "[LibertinusMath-Regular.otf]/OT:script=math;language=dflt;+ssty=1;" at 7.99915pt
 -> c:/texlive/2023/texmf-dist/fonts/opentype/public/libertinus-fonts/LibertinusMath-Regular.otf
LaTeX Font Info:    Font shape `TU/LibertinusMath-Regular.otf(3)/m/n' will be
(Font)              scaled to size 5.99936pt on input line 23.
Requested font "[LibertinusMath-Regular.otf]/OT:script=math;language=dflt;+ssty=1;" at 5.99936pt
 -> c:/texlive/2023/texmf-dist/fonts/opentype/public/libertinus-fonts/LibertinusMath-Regular.otf
LaTeX Font Info:    Font shape `TU/LibertinusSerif(0)/m/n' will be
(Font)              scaled to size 8.0pt on input line 23.
Requested font "[LibertinusSerif-Regular.otf]/OT:script=latn;language=dflt;+hv-kern;+tnum;+lnum;mapping=tex-text;" at 8.0pt
 -> c:/texlive/2023/texmf-dist/fonts/opentype/public/libertinus-fonts/LibertinusSerif-Regular.otf
LaTeX Font Info:    Font shape `TU/LibertinusSerif(0)/m/it' will be
(Font)              scaled to size 10.95pt on input line 23.
Requested font "[LibertinusSerif-Italic.otf]/OT:script=latn;language=dflt;+hv-kern;+tnum;+lnum;mapping=tex-text;" at 10.95pt
 -> c:/texlive/2023/texmf-dist/fonts/opentype/public/libertinus-fonts/LibertinusSerif-Italic.otf


LaTeX Warning: Float too large for page by 13.69766pt on input line 26.


LaTeX Warning: Reference `fig:event_study_patents' on page 1 undefined on input line 28.


LaTeX Warning: Reference `eq:event_study' on page 1 undefined on input line 28.


LaTeX Warning: Reference `tab:dd_twfe_patents' on page 1 undefined on input line 28.


LaTeX Warning: Reference `fig:event_study_patents' on page 1 undefined on input line 28.

[1

] [2]
File: ../../figures/event-studies/quarterly/patents_faceted.png Graphic file (type bmp)
<../../figures/event-studies/quarterly/patents_faceted.png>
LaTeX Font Info:    Font shape `TU/LibertinusSerif(0)/m/n' will be
(Font)              scaled to size 10.0pt on input line 36.
Requested font "[LibertinusSerif-Regular.otf]/OT:script=latn;language=dflt;+hv-kern;+tnum;+lnum;mapping=tex-text;" at 10.0pt
 -> c:/texlive/2023/texmf-dist/fonts/opentype/public/libertinus-fonts/LibertinusSerif-Regular.otf
LaTeX Font Info:    Font shape `TU/LibertinusSerif(0)/m/it' will be
(Font)              scaled to size 10.0pt on input line 37.
Requested font "[LibertinusSerif-Italic.otf]/OT:script=latn;language=dflt;+hv-kern;+tnum;+lnum;mapping=tex-text;" at 10.0pt
 -> c:/texlive/2023/texmf-dist/fonts/opentype/public/libertinus-fonts/LibertinusSerif-Italic.otf
LaTeX Font Info:    Font shape `TU/LibertinusSerif(0)/b/n' will be
(Font)              scaled to size 10.0pt on input line 37.
Requested font "[LibertinusSerif-Bold.otf]/OT:script=latn;language=dflt;+hv-kern;+tnum;+lnum;mapping=tex-text;" at 10.0pt
 -> c:/texlive/2023/texmf-dist/fonts/opentype/public/libertinus-fonts/LibertinusSerif-Bold.otf


LaTeX Warning: Reference `eq:event_study' on page 3 undefined on input line 37.


LaTeX Warning: Reference `tab:dd_twfe_patents' on page 3 undefined on input line 37.


LaTeX Warning: Reference `fig:quarterly_common_trends' on page 3 undefined on input line 43.

[3]

LaTeX Warning: Reference `tab:dd_twfe_patents_by_section' on page 4 undefined on input line 47.


LaTeX Warning: Reference `eq:dd_model' on page 4 undefined on input line 47.


LaTeX Warning: Reference `tab:dd_twfe_patents' on page 4 undefined on input line 47.

(../../output/tables/dd_twfe_patents_section.tex)
Requested font "[LibertinusMath-Regular.otf]/OT:script=math;language=dflt;+ssty=0;" at 10.0pt
 -> c:/texlive/2023/texmf-dist/fonts/opentype/public/libertinus-fonts/LibertinusMath-Regular.otf
Requested font "[LibertinusMath-Regular.otf]/OT:script=math;language=dflt;+ssty=1;" at 7.0pt
 -> c:/texlive/2023/texmf-dist/fonts/opentype/public/libertinus-fonts/LibertinusMath-Regular.otf
Requested font "[LibertinusMath-Regular.otf]/OT:script=math;language=dflt;+ssty=1;" at 5.0pt
 -> c:/texlive/2023/texmf-dist/fonts/opentype/public/libertinus-fonts/LibertinusMath-Regular.otf
LaTeX Font Info:    Font shape `TU/LibertinusSerif(1)/m/n' will be
(Font)              scaled to size 10.0pt on input line 57.
Requested font "[LibertinusSerif-Regular.otf]/OT:script=latn;language=dflt;+tnum;+lnum;" at 10.0pt
 -> c:/texlive/2023/texmf-dist/fonts/opentype/public/libertinus-fonts/LibertinusSerif-Regular.otf
LaTeX Font Info:    Font shape `TU/LibertinusSerif(1)/m/n' will be
(Font)              scaled to size 7.0pt on input line 57.
Requested font "[LibertinusSerif-Regular.otf]/OT:script=latn;language=dflt;+tnum;+lnum;" at 7.0pt
 -> c:/texlive/2023/texmf-dist/fonts/opentype/public/libertinus-fonts/LibertinusSerif-Regular.otf
LaTeX Font Info:    Font shape `TU/LibertinusSerif(1)/m/n' will be
(Font)              scaled to size 5.0pt on input line 57.
Requested font "[LibertinusSerif-Regular.otf]/OT:script=latn;language=dflt;+tnum;+lnum;" at 5.0pt
 -> c:/texlive/2023/texmf-dist/fonts/opentype/public/libertinus-fonts/LibertinusSerif-Regular.otf
LaTeX Font Info:    Font shape `TU/LibertinusMath-Regular.otf(2)/m/n' will be
(Font)              scaled to size 10.00107pt on input line 57.
Requested font "[LibertinusMath-Regular.otf]/OT:script=math;language=dflt;+ssty=0;" at 10.00107pt
 -> c:/texlive/2023/texmf-dist/fonts/opentype/public/libertinus-fonts/LibertinusMath-Regular.otf
LaTeX Font Info:    Font shape `TU/LibertinusMath-Regular.otf(2)/m/n' will be
(Font)              scaled to size 7.00075pt on input line 57.
Requested font "[LibertinusMath-Regular.otf]/OT:script=math;language=dflt;+ssty=1;" at 7.00075pt
 -> c:/texlive/2023/texmf-dist/fonts/opentype/public/libertinus-fonts/LibertinusMath-Regular.otf
LaTeX Font Info:    Font shape `TU/LibertinusMath-Regular.otf(2)/m/n' will be
(Font)              scaled to size 5.00053pt on input line 57.
Requested font "[LibertinusMath-Regular.otf]/OT:script=math;language=dflt;+ssty=1;" at 5.00053pt
 -> c:/texlive/2023/texmf-dist/fonts/opentype/public/libertinus-fonts/LibertinusMath-Regular.otf
LaTeX Font Info:    Font shape `TU/Li